<?xml version="1.0" encoding="UTF-8"?>
<!-- Generated by org.testng.reporters.JUnitReportReporter -->
<testsuite skipped="0" hostname="ip-172-31-80-97" name="test.LoginTest" tests="3" failures="0" timestamp="09 Nov 2021 04:42:49 GMT" time="10.787" errors="0">
  <testcase name="ExcelTest" time="3.043" classname="test.LoginTest"/>
  <testcase name="PositiveLogin" time="2.997" classname="test.LoginTest"/>
  <testcase name="NegativeLogin" time="4.747" classname="test.LoginTest"/>
</testsuite> <!-- test.LoginTest -->
