<?xml version="1.0" encoding="UTF-8"?>
<!-- Generated by org.testng.reporters.JUnitReportReporter -->
<testsuite skipped="0" hostname="ip-172-31-80-97" name="test.LoginTest" tests="3" failures="0" timestamp="11 Nov 2021 04:14:36 GMT" time="13.831" errors="0">
  <testcase name="PositiveLogin" time="4.656" classname="test.LoginTest"/>
  <testcase name="ExcelTest" time="4.137" classname="test.LoginTest"/>
  <testcase name="NegativeLogin" time="5.038" classname="test.LoginTest"/>
</testsuite> <!-- test.LoginTest -->
