<?xml version="1.0" encoding="UTF-8"?>
<!-- Generated by org.testng.reporters.JUnitReportReporter -->
<testsuite skipped="0" hostname="ip-172-31-80-97" name="test.LoginTest" tests="3" failures="0" timestamp="09 Nov 2021 07:10:05 GMT" time="10.103" errors="0">
  <testcase name="PositiveLogin" time="2.868" classname="test.LoginTest"/>
  <testcase name="ExcelTest" time="2.629" classname="test.LoginTest"/>
  <testcase name="NegativeLogin" time="4.606" classname="test.LoginTest"/>
</testsuite> <!-- test.LoginTest -->
